# JRE version: OpenJDK Runtime Environment (8.0_152-b01) (build 1.8.0_152-release-915-b01)
# Java VM: OpenJDK 64-Bit Server VM (25.152-b01 mixed mode windows-amd64 compressed oops)
Heap:
 PSYoungGen      total 352256K, used 36608K [0x00000000e0000000, 0x00000000fd000000, 0x0000000100000000)
  eden space 285696K, 3% used [0x00000000e0000000,0x00000000e09c7918,0x00000000f1700000)
  from space 66560K, 39% used [0x00000000f1700000,0x00000000f30f88c8,0x00000000f5800000)
  to   space 63488K, 0% used [0x00000000f9200000,0x00000000f9200000,0x00000000fd000000)
 ParOldGen       total 165888K, used 86653K [0x00000000a0000000, 0x00000000aa200000, 0x00000000e0000000)
  object space 165888K, 52% used [0x00000000a0000000,0x00000000a549f780,0x00000000aa200000)
 Metaspace       used 82529K, capacity 88850K, committed 89048K, reserved 1126400K
  class space    used 10515K, capacity 11937K, committed 12032K, reserved 1048576K
GC Heap History (10 events):
Event: 959.600 GC heap before
{Heap before GC invocations=36 (full 3):
 PSYoungGen      total 262144K, used 227548K [0x00000000e0000000, 0x00000000f4e00000, 0x0000000100000000)
  eden space 188416K, 99% used [0x00000000e0000000,0x00000000eb79bab8,0x00000000eb800000)
  from space 73728K, 53% used [0x00000000efe80000,0x00000000f251b888,0x00000000f4680000)
  to   space 72192K, 0% used [0x00000000eb800000,0x00000000eb800000,0x00000000efe80000)
 ParOldGen       total 165888K, used 57452K [0x00000000a0000000, 0x00000000aa200000, 0x00000000e0000000)
  object space 165888K, 34% used [0x00000000a0000000,0x00000000a381b3d8,0x00000000aa200000)
 Metaspace       used 81543K, capacity 87236K, committed 87384K, reserved 1124352K
  class space    used 10412K, capacity 11638K, committed 11648K, reserved 1048576K
Event: 959.639 GC heap after
Heap after GC invocations=36 (full 3):
 PSYoungGen      total 260608K, used 35092K [0x00000000e0000000, 0x00000000f6800000, 0x0000000100000000)
  eden space 188416K, 0% used [0x00000000e0000000,0x00000000e0000000,0x00000000eb800000)
  from space 72192K, 48% used [0x00000000eb800000,0x00000000eda453f8,0x00000000efe80000)
  to   space 68608K, 0% used [0x00000000f2500000,0x00000000f2500000,0x00000000f6800000)
 ParOldGen       total 165888K, used 58180K [0x00000000a0000000, 0x00000000aa200000, 0x00000000e0000000)
  object space 165888K, 35% used [0x00000000a0000000,0x00000000a38d1250,0x00000000aa200000)
 Metaspace       used 81543K, capacity 87236K, committed 87384K, reserved 1124352K
  class space    used 10412K, capacity 11638K, committed 11648K, reserved 1048576K
}
Event: 959.672 GC heap before
{Heap before GC invocations=37 (full 3):
 PSYoungGen      total 260608K, used 222818K [0x00000000e0000000, 0x00000000f6800000, 0x0000000100000000)
  eden space 188416K, 99% used [0x00000000e0000000,0x00000000eb753548,0x00000000eb800000)
  from space 72192K, 48% used [0x00000000eb800000,0x00000000eda453f8,0x00000000efe80000)
  to   space 68608K, 0% used [0x00000000f2500000,0x00000000f2500000,0x00000000f6800000)
 ParOldGen       total 165888K, used 58180K [0x00000000a0000000, 0x00000000aa200000, 0x00000000e0000000)
  object space 165888K, 35% used [0x00000000a0000000,0x00000000a38d1250,0x00000000aa200000)
 Metaspace       used 81543K, capacity 87236K, committed 87384K, reserved 1124352K
  class space    used 10412K, capacity 11638K, committed 11648K, reserved 1048576K
Event: 959.719 GC heap after
Heap after GC invocations=37 (full 3):
 PSYoungGen      total 299008K, used 26932K [0x00000000e0000000, 0x00000000f6580000, 0x0000000100000000)
  eden space 232960K, 0% used [0x00000000e0000000,0x00000000e0000000,0x00000000ee380000)
  from space 66048K, 40% used [0x00000000f2500000,0x00000000f3f4d3d8,0x00000000f6580000)
  to   space 66560K, 0% used [0x00000000ee380000,0x00000000ee380000,0x00000000f2480000)
 ParOldGen       total 165888K, used 66294K [0x00000000a0000000, 0x00000000aa200000, 0x00000000e0000000)
  object space 165888K, 39% used [0x00000000a0000000,0x00000000a40bd930,0x00000000aa200000)
 Metaspace       used 81543K, capacity 87236K, committed 87384K, reserved 1124352K
  class space    used 10412K, capacity 11638K, committed 11648K, reserved 1048576K
}
Event: 4064.961 GC heap before
{Heap before GC invocations=38 (full 3):
 PSYoungGen      total 299008K, used 259892K [0x00000000e0000000, 0x00000000f6580000, 0x0000000100000000)
  eden space 232960K, 100% used [0x00000000e0000000,0x00000000ee380000,0x00000000ee380000)
  from space 66048K, 40% used [0x00000000f2500000,0x00000000f3f4d3d8,0x00000000f6580000)
  to   space 66560K, 0% used [0x00000000ee380000,0x00000000ee380000,0x00000000f2480000)
 ParOldGen       total 165888K, used 66294K [0x00000000a0000000, 0x00000000aa200000, 0x00000000e0000000)
  object space 165888K, 39% used [0x00000000a0000000,0x00000000a40bd930,0x00000000aa200000)
 Metaspace       used 81874K, capacity 87730K, committed 88024K, reserved 1126400K
  class space    used 10443K, capacity 11727K, committed 11776K, reserved 1048576K
Event: 4065.087 GC heap after
Heap after GC invocations=38 (full 3):
 PSYoungGen      total 299520K, used 12364K [0x00000000e0000000, 0x00000000f9b80000, 0x0000000100000000)
  eden space 232960K, 0% used [0x00000000e0000000,0x00000000e0000000,0x00000000ee380000)
  from space 66560K, 18% used [0x00000000ee380000,0x00000000eef930c0,0x00000000f2480000)
  to   space 67072K, 0% used [0x00000000f5a00000,0x00000000f5a00000,0x00000000f9b80000)
 ParOldGen       total 165888K, used 79272K [0x00000000a0000000, 0x00000000aa200000, 0x00000000e0000000)
  object space 165888K, 47% used [0x00000000a0000000,0x00000000a4d6a118,0x00000000aa200000)
 Metaspace       used 81874K, capacity 87730K, committed 88024K, reserved 1126400K
  class space    used 10443K, capacity 11727K, committed 11776K, reserved 1048576K
}
Event: 4419.591 GC heap before
{Heap before GC invocations=39 (full 3):
 PSYoungGen      total 299520K, used 245324K [0x00000000e0000000, 0x00000000f9b80000, 0x0000000100000000)
  eden space 232960K, 100% used [0x00000000e0000000,0x00000000ee380000,0x00000000ee380000)
  from space 66560K, 18% used [0x00000000ee380000,0x00000000eef930c0,0x00000000f2480000)
  to   space 67072K, 0% used [0x00000000f5a00000,0x00000000f5a00000,0x00000000f9b80000)
 ParOldGen       total 165888K, used 79272K [0x00000000a0000000, 0x00000000aa200000, 0x00000000e0000000)
  object space 165888K, 47% used [0x00000000a0000000,0x00000000a4d6a118,0x00000000aa200000)
 Metaspace       used 82219K, capacity 88274K, committed 88408K, reserved 1126400K
  class space    used 10480K, capacity 11853K, committed 11904K, reserved 1048576K
Event: 4419.681 GC heap after
Heap after GC invocations=39 (full 3):
 PSYoungGen      total 350208K, used 11584K [0x00000000e0000000, 0x00000000f9900000, 0x0000000100000000)
  eden space 285696K, 0% used [0x00000000e0000000,0x00000000e0000000,0x00000000f1700000)
  from space 64512K, 17% used [0x00000000f5a00000,0x00000000f6550000,0x00000000f9900000)
  to   space 66560K, 0% used [0x00000000f1700000,0x00000000f1700000,0x00000000f5800000)
 ParOldGen       total 165888K, used 85561K [0x00000000a0000000, 0x00000000aa200000, 0x00000000e0000000)
  object space 165888K, 51% used [0x00000000a0000000,0x00000000a538e710,0x00000000aa200000)
 Metaspace       used 82219K, capacity 88274K, committed 88408K, reserved 1126400K
  class space    used 10480K, capacity 11853K, committed 11904K, reserved 1048576K
}
Event: 4523.451 GC heap before
{Heap before GC invocations=40 (full 3):
 PSYoungGen      total 350208K, used 297280K [0x00000000e0000000, 0x00000000f9900000, 0x0000000100000000)
  eden space 285696K, 100% used [0x00000000e0000000,0x00000000f1700000,0x00000000f1700000)
  from space 64512K, 17% used [0x00000000f5a00000,0x00000000f6550000,0x00000000f9900000)
  to   space 66560K, 0% used [0x00000000f1700000,0x00000000f1700000,0x00000000f5800000)
 ParOldGen       total 165888K, used 85561K [0x00000000a0000000, 0x00000000aa200000, 0x00000000e0000000)
  object space 165888K, 51% used [0x00000000a0000000,0x00000000a538e710,0x00000000aa200000)
 Metaspace       used 82508K, capacity 88850K, committed 89048K, reserved 1126400K
  class space    used 10515K, capacity 11937K, committed 12032K, reserved 1048576K
Event: 4523.566 GC heap after
Heap after GC invocations=40 (full 3):
 PSYoungGen      total 352256K, used 26594K [0x00000000e0000000, 0x00000000fd000000, 0x0000000100000000)
  eden space 285696K, 0% used [0x00000000e0000000,0x00000000e0000000,0x00000000f1700000)
  from space 66560K, 39% used [0x00000000f1700000,0x00000000f30f88c8,0x00000000f5800000)
  to   space 63488K, 0% used [0x00000000f9200000,0x00000000f9200000,0x00000000fd000000)
 ParOldGen       total 165888K, used 86653K [0x00000000a0000000, 0x00000000aa200000, 0x00000000e0000000)
  object space 165888K, 52% used [0x00000000a0000000,0x00000000a549f780,0x00000000aa200000)
 Metaspace       used 82508K, capacity 88850K, committed 89048K, reserved 1126400K
  class space    used 10515K, capacity 11937K, committed 12032K, reserved 1048576K
}

